<?xml version="1.0" encoding="UTF-8"?>
<!-- Generated by org.testng.reporters.JUnitXMLReporter -->
<testsuite ignored="0" hostname="DESKTOP-Q9F8P63" failures="0" tests="2" name="OpenCart Test(failed)" time="19.483" errors="0" timestamp="2023-01-27T15:42:33 IST">
  <testcase classname="testCases.TC_002_LoginTest" name="test_Login" time="3.207"/>
  <testcase classname="testCases.TC_001_AccountRegistrationTest" name="test_account_Registration" time="4.073"/>
</testsuite> <!-- OpenCart Test(failed) -->
